21:54:53.462 [main] INFO  api.test.UserTests(36) - ***************Creating user***********
21:54:55.971 [main] INFO  api.test.UserTests(36) - ***************User Created***********
21:54:55.980 [main] INFO  api.test.UserTests(36) - ***************Reading user by Name***********
21:54:56.977 [main] INFO  api.test.UserTests(36) - ***************Reading user Completed***********
21:54:56.981 [main] INFO  api.test.UserTests(36) - ***************Updating user***********
21:54:58.957 [main] INFO  api.test.UserTests(36) - ***************Updated user***********
21:54:58.961 [main] INFO  api.test.UserTests(36) - ***************Deleting user***********
21:54:59.992 [main] INFO  api.test.UserTests(36) - ***************Deleting user completed***********
21:55:45.379 [main] INFO  api.test.UserTests(36) - ***************Creating user***********
21:55:47.811 [main] INFO  api.test.UserTests(36) - ***************User Created***********
21:55:47.821 [main] INFO  api.test.UserTests(36) - ***************Reading user by Name***********
21:55:48.831 [main] INFO  api.test.UserTests(36) - ***************Reading user Completed***********
21:55:48.835 [main] INFO  api.test.UserTests(36) - ***************Updating user***********
21:55:50.816 [main] INFO  api.test.UserTests(36) - ***************Updated user***********
21:55:50.819 [main] INFO  api.test.UserTests(36) - ***************Deleting user***********
21:55:51.791 [main] INFO  api.test.UserTests(36) - ***************Deleting user completed***********
21:56:34.841 [main] INFO  api.test.UserTests(36) - ***************Creating user***********
21:56:37.309 [main] INFO  api.test.UserTests(36) - ***************User Created***********
21:56:37.318 [main] INFO  api.test.UserTests(36) - ***************Reading user by Name***********
21:56:38.343 [main] INFO  api.test.UserTests(36) - ***************Reading user Completed***********
21:56:38.347 [main] INFO  api.test.UserTests(36) - ***************Updating user***********
21:56:40.313 [main] INFO  api.test.UserTests(36) - ***************Updated user***********
21:56:40.318 [main] INFO  api.test.UserTests(36) - ***************Deleting user***********
21:56:41.298 [main] INFO  api.test.UserTests(36) - ***************Deleting user completed***********
01:04:00.437 [main] INFO  api.test.UserTests2(36) - ***************Creating user***********
01:04:03.105 [main] INFO  api.test.UserTests2(36) - ***************User Created***********
01:04:03.113 [main] INFO  api.test.UserTests2(36) - ***************Reading user by Name***********
01:04:04.103 [main] INFO  api.test.UserTests2(36) - ***************Reading user Completed***********
01:04:04.109 [main] INFO  api.test.UserTests2(36) - ***************Updating user***********
01:04:06.092 [main] INFO  api.test.UserTests2(36) - ***************Updated user***********
01:04:06.094 [main] INFO  api.test.UserTests2(36) - ***************Deleting user***********
01:04:07.065 [main] INFO  api.test.UserTests2(36) - ***************Deleting user completed***********
01:28:22.037 [main] DEBUG org.apache.poi.openxml4j.opc.PackageRelationshipCollection(36) - Parsing relationship: /xl/_rels/workbook.xml.rels
01:28:22.040 [main] DEBUG org.apache.poi.openxml4j.opc.PackageRelationshipCollection(36) - Parsing relationship: /xl/worksheets/_rels/sheet1.xml.rels
01:28:22.042 [main] DEBUG org.apache.poi.openxml4j.opc.PackageRelationshipCollection(36) - Parsing relationship: /_rels/.rels
01:28:22.416 [main] DEBUG org.apache.poi.ooxml.POIXMLFactory(36) - using default POIXMLDocumentPart for http://schemas.openxmlformats.org/officeDocument/2006/relationships/printerSettings
01:28:22.508 [main] DEBUG org.apache.poi.openxml4j.opc.PackageRelationshipCollection(36) - Parsing relationship: /xl/_rels/workbook.xml.rels
01:28:22.509 [main] DEBUG org.apache.poi.openxml4j.opc.PackageRelationshipCollection(36) - Parsing relationship: /xl/worksheets/_rels/sheet1.xml.rels
01:28:22.510 [main] DEBUG org.apache.poi.openxml4j.opc.PackageRelationshipCollection(36) - Parsing relationship: /_rels/.rels
01:28:22.521 [main] DEBUG org.apache.poi.ooxml.POIXMLFactory(36) - using default POIXMLDocumentPart for http://schemas.openxmlformats.org/officeDocument/2006/relationships/printerSettings
01:28:22.537 [main] DEBUG org.apache.poi.openxml4j.opc.PackageRelationshipCollection(36) - Parsing relationship: /xl/_rels/workbook.xml.rels
01:28:22.539 [main] DEBUG org.apache.poi.openxml4j.opc.PackageRelationshipCollection(36) - Parsing relationship: /xl/worksheets/_rels/sheet1.xml.rels
01:28:22.542 [main] DEBUG org.apache.poi.openxml4j.opc.PackageRelationshipCollection(36) - Parsing relationship: /_rels/.rels
01:28:22.559 [main] DEBUG org.apache.poi.ooxml.POIXMLFactory(36) - using default POIXMLDocumentPart for http://schemas.openxmlformats.org/officeDocument/2006/relationships/printerSettings
01:28:22.589 [main] DEBUG org.apache.poi.openxml4j.opc.PackageRelationshipCollection(36) - Parsing relationship: /xl/_rels/workbook.xml.rels
01:28:22.590 [main] DEBUG org.apache.poi.openxml4j.opc.PackageRelationshipCollection(36) - Parsing relationship: /xl/worksheets/_rels/sheet1.xml.rels
01:28:22.591 [main] DEBUG org.apache.poi.openxml4j.opc.PackageRelationshipCollection(36) - Parsing relationship: /_rels/.rels
01:28:22.609 [main] DEBUG org.apache.poi.ooxml.POIXMLFactory(36) - using default POIXMLDocumentPart for http://schemas.openxmlformats.org/officeDocument/2006/relationships/printerSettings
01:28:22.630 [main] DEBUG org.apache.poi.openxml4j.opc.PackageRelationshipCollection(36) - Parsing relationship: /xl/_rels/workbook.xml.rels
01:28:22.630 [main] DEBUG org.apache.poi.openxml4j.opc.PackageRelationshipCollection(36) - Parsing relationship: /xl/worksheets/_rels/sheet1.xml.rels
01:28:22.634 [main] DEBUG org.apache.poi.openxml4j.opc.PackageRelationshipCollection(36) - Parsing relationship: /_rels/.rels
01:28:22.643 [main] DEBUG org.apache.poi.ooxml.POIXMLFactory(36) - using default POIXMLDocumentPart for http://schemas.openxmlformats.org/officeDocument/2006/relationships/printerSettings
01:28:22.654 [main] DEBUG org.apache.poi.openxml4j.opc.PackageRelationshipCollection(36) - Parsing relationship: /xl/_rels/workbook.xml.rels
01:28:22.655 [main] DEBUG org.apache.poi.openxml4j.opc.PackageRelationshipCollection(36) - Parsing relationship: /xl/worksheets/_rels/sheet1.xml.rels
01:28:22.655 [main] DEBUG org.apache.poi.openxml4j.opc.PackageRelationshipCollection(36) - Parsing relationship: /_rels/.rels
01:28:22.662 [main] DEBUG org.apache.poi.ooxml.POIXMLFactory(36) - using default POIXMLDocumentPart for http://schemas.openxmlformats.org/officeDocument/2006/relationships/printerSettings
01:28:22.680 [main] DEBUG org.apache.poi.openxml4j.opc.PackageRelationshipCollection(36) - Parsing relationship: /xl/_rels/workbook.xml.rels
01:28:22.681 [main] DEBUG org.apache.poi.openxml4j.opc.PackageRelationshipCollection(36) - Parsing relationship: /xl/worksheets/_rels/sheet1.xml.rels
01:28:22.682 [main] DEBUG org.apache.poi.openxml4j.opc.PackageRelationshipCollection(36) - Parsing relationship: /_rels/.rels
01:28:22.690 [main] DEBUG org.apache.poi.ooxml.POIXMLFactory(36) - using default POIXMLDocumentPart for http://schemas.openxmlformats.org/officeDocument/2006/relationships/printerSettings
01:28:22.706 [main] DEBUG org.apache.poi.openxml4j.opc.PackageRelationshipCollection(36) - Parsing relationship: /xl/_rels/workbook.xml.rels
01:28:22.707 [main] DEBUG org.apache.poi.openxml4j.opc.PackageRelationshipCollection(36) - Parsing relationship: /xl/worksheets/_rels/sheet1.xml.rels
01:28:22.707 [main] DEBUG org.apache.poi.openxml4j.opc.PackageRelationshipCollection(36) - Parsing relationship: /_rels/.rels
01:28:22.717 [main] DEBUG org.apache.poi.ooxml.POIXMLFactory(36) - using default POIXMLDocumentPart for http://schemas.openxmlformats.org/officeDocument/2006/relationships/printerSettings
01:28:22.728 [main] DEBUG org.apache.poi.openxml4j.opc.PackageRelationshipCollection(36) - Parsing relationship: /xl/_rels/workbook.xml.rels
01:28:22.729 [main] DEBUG org.apache.poi.openxml4j.opc.PackageRelationshipCollection(36) - Parsing relationship: /xl/worksheets/_rels/sheet1.xml.rels
01:28:22.729 [main] DEBUG org.apache.poi.openxml4j.opc.PackageRelationshipCollection(36) - Parsing relationship: /_rels/.rels
01:28:22.740 [main] DEBUG org.apache.poi.ooxml.POIXMLFactory(36) - using default POIXMLDocumentPart for http://schemas.openxmlformats.org/officeDocument/2006/relationships/printerSettings
01:28:22.760 [main] DEBUG org.apache.poi.openxml4j.opc.PackageRelationshipCollection(36) - Parsing relationship: /xl/_rels/workbook.xml.rels
01:28:22.761 [main] DEBUG org.apache.poi.openxml4j.opc.PackageRelationshipCollection(36) - Parsing relationship: /xl/worksheets/_rels/sheet1.xml.rels
01:28:22.761 [main] DEBUG org.apache.poi.openxml4j.opc.PackageRelationshipCollection(36) - Parsing relationship: /_rels/.rels
01:28:22.770 [main] DEBUG org.apache.poi.ooxml.POIXMLFactory(36) - using default POIXMLDocumentPart for http://schemas.openxmlformats.org/officeDocument/2006/relationships/printerSettings
01:28:22.783 [main] DEBUG org.apache.poi.openxml4j.opc.PackageRelationshipCollection(36) - Parsing relationship: /xl/_rels/workbook.xml.rels
01:28:22.784 [main] DEBUG org.apache.poi.openxml4j.opc.PackageRelationshipCollection(36) - Parsing relationship: /xl/worksheets/_rels/sheet1.xml.rels
01:28:22.784 [main] DEBUG org.apache.poi.openxml4j.opc.PackageRelationshipCollection(36) - Parsing relationship: /_rels/.rels
01:28:22.793 [main] DEBUG org.apache.poi.ooxml.POIXMLFactory(36) - using default POIXMLDocumentPart for http://schemas.openxmlformats.org/officeDocument/2006/relationships/printerSettings
01:28:22.807 [main] DEBUG org.apache.poi.openxml4j.opc.PackageRelationshipCollection(36) - Parsing relationship: /xl/_rels/workbook.xml.rels
01:28:22.807 [main] DEBUG org.apache.poi.openxml4j.opc.PackageRelationshipCollection(36) - Parsing relationship: /xl/worksheets/_rels/sheet1.xml.rels
01:28:22.809 [main] DEBUG org.apache.poi.openxml4j.opc.PackageRelationshipCollection(36) - Parsing relationship: /_rels/.rels
01:28:22.815 [main] DEBUG org.apache.poi.ooxml.POIXMLFactory(36) - using default POIXMLDocumentPart for http://schemas.openxmlformats.org/officeDocument/2006/relationships/printerSettings
01:28:22.831 [main] DEBUG org.apache.poi.openxml4j.opc.PackageRelationshipCollection(36) - Parsing relationship: /xl/_rels/workbook.xml.rels
01:28:22.831 [main] DEBUG org.apache.poi.openxml4j.opc.PackageRelationshipCollection(36) - Parsing relationship: /xl/worksheets/_rels/sheet1.xml.rels
01:28:22.832 [main] DEBUG org.apache.poi.openxml4j.opc.PackageRelationshipCollection(36) - Parsing relationship: /_rels/.rels
01:28:22.841 [main] DEBUG org.apache.poi.ooxml.POIXMLFactory(36) - using default POIXMLDocumentPart for http://schemas.openxmlformats.org/officeDocument/2006/relationships/printerSettings
01:28:22.850 [main] DEBUG org.apache.poi.openxml4j.opc.PackageRelationshipCollection(36) - Parsing relationship: /xl/_rels/workbook.xml.rels
01:28:22.851 [main] DEBUG org.apache.poi.openxml4j.opc.PackageRelationshipCollection(36) - Parsing relationship: /xl/worksheets/_rels/sheet1.xml.rels
01:28:22.851 [main] DEBUG org.apache.poi.openxml4j.opc.PackageRelationshipCollection(36) - Parsing relationship: /_rels/.rels
01:28:22.857 [main] DEBUG org.apache.poi.ooxml.POIXMLFactory(36) - using default POIXMLDocumentPart for http://schemas.openxmlformats.org/officeDocument/2006/relationships/printerSettings
01:28:22.867 [main] DEBUG org.apache.poi.openxml4j.opc.PackageRelationshipCollection(36) - Parsing relationship: /xl/_rels/workbook.xml.rels
01:28:22.867 [main] DEBUG org.apache.poi.openxml4j.opc.PackageRelationshipCollection(36) - Parsing relationship: /xl/worksheets/_rels/sheet1.xml.rels
01:28:22.868 [main] DEBUG org.apache.poi.openxml4j.opc.PackageRelationshipCollection(36) - Parsing relationship: /_rels/.rels
01:28:22.874 [main] DEBUG org.apache.poi.ooxml.POIXMLFactory(36) - using default POIXMLDocumentPart for http://schemas.openxmlformats.org/officeDocument/2006/relationships/printerSettings
01:28:22.884 [main] DEBUG org.apache.poi.openxml4j.opc.PackageRelationshipCollection(36) - Parsing relationship: /xl/_rels/workbook.xml.rels
01:28:22.885 [main] DEBUG org.apache.poi.openxml4j.opc.PackageRelationshipCollection(36) - Parsing relationship: /xl/worksheets/_rels/sheet1.xml.rels
01:28:22.885 [main] DEBUG org.apache.poi.openxml4j.opc.PackageRelationshipCollection(36) - Parsing relationship: /_rels/.rels
01:28:22.890 [main] DEBUG org.apache.poi.ooxml.POIXMLFactory(36) - using default POIXMLDocumentPart for http://schemas.openxmlformats.org/officeDocument/2006/relationships/printerSettings
01:28:22.899 [main] DEBUG org.apache.poi.openxml4j.opc.PackageRelationshipCollection(36) - Parsing relationship: /xl/_rels/workbook.xml.rels
01:28:22.899 [main] DEBUG org.apache.poi.openxml4j.opc.PackageRelationshipCollection(36) - Parsing relationship: /xl/worksheets/_rels/sheet1.xml.rels
01:28:22.900 [main] DEBUG org.apache.poi.openxml4j.opc.PackageRelationshipCollection(36) - Parsing relationship: /_rels/.rels
01:28:22.905 [main] DEBUG org.apache.poi.ooxml.POIXMLFactory(36) - using default POIXMLDocumentPart for http://schemas.openxmlformats.org/officeDocument/2006/relationships/printerSettings
01:28:22.914 [main] DEBUG org.apache.poi.openxml4j.opc.PackageRelationshipCollection(36) - Parsing relationship: /xl/_rels/workbook.xml.rels
01:28:22.914 [main] DEBUG org.apache.poi.openxml4j.opc.PackageRelationshipCollection(36) - Parsing relationship: /xl/worksheets/_rels/sheet1.xml.rels
01:28:22.915 [main] DEBUG org.apache.poi.openxml4j.opc.PackageRelationshipCollection(36) - Parsing relationship: /_rels/.rels
01:28:22.924 [main] DEBUG org.apache.poi.ooxml.POIXMLFactory(36) - using default POIXMLDocumentPart for http://schemas.openxmlformats.org/officeDocument/2006/relationships/printerSettings
01:28:22.932 [main] DEBUG org.apache.poi.openxml4j.opc.PackageRelationshipCollection(36) - Parsing relationship: /xl/_rels/workbook.xml.rels
01:28:22.933 [main] DEBUG org.apache.poi.openxml4j.opc.PackageRelationshipCollection(36) - Parsing relationship: /xl/worksheets/_rels/sheet1.xml.rels
01:28:22.933 [main] DEBUG org.apache.poi.openxml4j.opc.PackageRelationshipCollection(36) - Parsing relationship: /_rels/.rels
01:28:22.938 [main] DEBUG org.apache.poi.ooxml.POIXMLFactory(36) - using default POIXMLDocumentPart for http://schemas.openxmlformats.org/officeDocument/2006/relationships/printerSettings
01:28:22.947 [main] DEBUG org.apache.poi.openxml4j.opc.PackageRelationshipCollection(36) - Parsing relationship: /xl/_rels/workbook.xml.rels
01:28:22.948 [main] DEBUG org.apache.poi.openxml4j.opc.PackageRelationshipCollection(36) - Parsing relationship: /xl/worksheets/_rels/sheet1.xml.rels
01:28:22.948 [main] DEBUG org.apache.poi.openxml4j.opc.PackageRelationshipCollection(36) - Parsing relationship: /_rels/.rels
01:28:22.953 [main] DEBUG org.apache.poi.ooxml.POIXMLFactory(36) - using default POIXMLDocumentPart for http://schemas.openxmlformats.org/officeDocument/2006/relationships/printerSettings
01:28:22.962 [main] DEBUG org.apache.poi.openxml4j.opc.PackageRelationshipCollection(36) - Parsing relationship: /xl/_rels/workbook.xml.rels
01:28:22.963 [main] DEBUG org.apache.poi.openxml4j.opc.PackageRelationshipCollection(36) - Parsing relationship: /xl/worksheets/_rels/sheet1.xml.rels
01:28:22.963 [main] DEBUG org.apache.poi.openxml4j.opc.PackageRelationshipCollection(36) - Parsing relationship: /_rels/.rels
01:28:22.967 [main] DEBUG org.apache.poi.ooxml.POIXMLFactory(36) - using default POIXMLDocumentPart for http://schemas.openxmlformats.org/officeDocument/2006/relationships/printerSettings
01:28:22.975 [main] DEBUG org.apache.poi.openxml4j.opc.PackageRelationshipCollection(36) - Parsing relationship: /xl/_rels/workbook.xml.rels
01:28:22.975 [main] DEBUG org.apache.poi.openxml4j.opc.PackageRelationshipCollection(36) - Parsing relationship: /xl/worksheets/_rels/sheet1.xml.rels
01:28:22.977 [main] DEBUG org.apache.poi.openxml4j.opc.PackageRelationshipCollection(36) - Parsing relationship: /_rels/.rels
01:28:22.982 [main] DEBUG org.apache.poi.ooxml.POIXMLFactory(36) - using default POIXMLDocumentPart for http://schemas.openxmlformats.org/officeDocument/2006/relationships/printerSettings
01:28:22.991 [main] DEBUG org.apache.poi.openxml4j.opc.PackageRelationshipCollection(36) - Parsing relationship: /xl/_rels/workbook.xml.rels
01:28:22.992 [main] DEBUG org.apache.poi.openxml4j.opc.PackageRelationshipCollection(36) - Parsing relationship: /xl/worksheets/_rels/sheet1.xml.rels
01:28:22.992 [main] DEBUG org.apache.poi.openxml4j.opc.PackageRelationshipCollection(36) - Parsing relationship: /_rels/.rels
01:28:22.996 [main] DEBUG org.apache.poi.ooxml.POIXMLFactory(36) - using default POIXMLDocumentPart for http://schemas.openxmlformats.org/officeDocument/2006/relationships/printerSettings
01:28:27.435 [main] DEBUG org.apache.poi.openxml4j.opc.PackageRelationshipCollection(36) - Parsing relationship: /xl/_rels/workbook.xml.rels
01:28:27.436 [main] DEBUG org.apache.poi.openxml4j.opc.PackageRelationshipCollection(36) - Parsing relationship: /xl/worksheets/_rels/sheet1.xml.rels
01:28:27.437 [main] DEBUG org.apache.poi.openxml4j.opc.PackageRelationshipCollection(36) - Parsing relationship: /_rels/.rels
01:28:27.444 [main] DEBUG org.apache.poi.ooxml.POIXMLFactory(36) - using default POIXMLDocumentPart for http://schemas.openxmlformats.org/officeDocument/2006/relationships/printerSettings
01:28:27.451 [main] DEBUG org.apache.poi.openxml4j.opc.PackageRelationshipCollection(36) - Parsing relationship: /xl/_rels/workbook.xml.rels
01:28:27.451 [main] DEBUG org.apache.poi.openxml4j.opc.PackageRelationshipCollection(36) - Parsing relationship: /xl/worksheets/_rels/sheet1.xml.rels
01:28:27.451 [main] DEBUG org.apache.poi.openxml4j.opc.PackageRelationshipCollection(36) - Parsing relationship: /_rels/.rels
01:28:27.455 [main] DEBUG org.apache.poi.ooxml.POIXMLFactory(36) - using default POIXMLDocumentPart for http://schemas.openxmlformats.org/officeDocument/2006/relationships/printerSettings
01:28:27.462 [main] DEBUG org.apache.poi.openxml4j.opc.PackageRelationshipCollection(36) - Parsing relationship: /xl/_rels/workbook.xml.rels
01:28:27.462 [main] DEBUG org.apache.poi.openxml4j.opc.PackageRelationshipCollection(36) - Parsing relationship: /xl/worksheets/_rels/sheet1.xml.rels
01:28:27.462 [main] DEBUG org.apache.poi.openxml4j.opc.PackageRelationshipCollection(36) - Parsing relationship: /_rels/.rels
01:28:27.466 [main] DEBUG org.apache.poi.ooxml.POIXMLFactory(36) - using default POIXMLDocumentPart for http://schemas.openxmlformats.org/officeDocument/2006/relationships/printerSettings
01:28:27.475 [main] DEBUG org.apache.poi.openxml4j.opc.PackageRelationshipCollection(36) - Parsing relationship: /xl/_rels/workbook.xml.rels
01:28:27.475 [main] DEBUG org.apache.poi.openxml4j.opc.PackageRelationshipCollection(36) - Parsing relationship: /xl/worksheets/_rels/sheet1.xml.rels
01:28:27.476 [main] DEBUG org.apache.poi.openxml4j.opc.PackageRelationshipCollection(36) - Parsing relationship: /_rels/.rels
01:28:27.480 [main] DEBUG org.apache.poi.ooxml.POIXMLFactory(36) - using default POIXMLDocumentPart for http://schemas.openxmlformats.org/officeDocument/2006/relationships/printerSettings
01:28:30.485 [main] DEBUG org.apache.poi.openxml4j.opc.PackageRelationshipCollection(36) - Parsing relationship: /xl/_rels/workbook.xml.rels
01:28:30.486 [main] DEBUG org.apache.poi.openxml4j.opc.PackageRelationshipCollection(36) - Parsing relationship: /xl/worksheets/_rels/sheet1.xml.rels
01:28:30.487 [main] DEBUG org.apache.poi.openxml4j.opc.PackageRelationshipCollection(36) - Parsing relationship: /_rels/.rels
01:28:30.494 [main] DEBUG org.apache.poi.ooxml.POIXMLFactory(36) - using default POIXMLDocumentPart for http://schemas.openxmlformats.org/officeDocument/2006/relationships/printerSettings
01:28:30.503 [main] DEBUG org.apache.poi.openxml4j.opc.PackageRelationshipCollection(36) - Parsing relationship: /xl/_rels/workbook.xml.rels
01:28:30.504 [main] DEBUG org.apache.poi.openxml4j.opc.PackageRelationshipCollection(36) - Parsing relationship: /xl/worksheets/_rels/sheet1.xml.rels
01:28:30.504 [main] DEBUG org.apache.poi.openxml4j.opc.PackageRelationshipCollection(36) - Parsing relationship: /_rels/.rels
01:28:30.510 [main] DEBUG org.apache.poi.ooxml.POIXMLFactory(36) - using default POIXMLDocumentPart for http://schemas.openxmlformats.org/officeDocument/2006/relationships/printerSettings
01:28:30.517 [main] DEBUG org.apache.poi.openxml4j.opc.PackageRelationshipCollection(36) - Parsing relationship: /xl/_rels/workbook.xml.rels
01:28:30.517 [main] DEBUG org.apache.poi.openxml4j.opc.PackageRelationshipCollection(36) - Parsing relationship: /xl/worksheets/_rels/sheet1.xml.rels
01:28:30.517 [main] DEBUG org.apache.poi.openxml4j.opc.PackageRelationshipCollection(36) - Parsing relationship: /_rels/.rels
01:28:30.521 [main] DEBUG org.apache.poi.ooxml.POIXMLFactory(36) - using default POIXMLDocumentPart for http://schemas.openxmlformats.org/officeDocument/2006/relationships/printerSettings
01:28:30.542 [main] DEBUG org.apache.poi.openxml4j.opc.PackageRelationshipCollection(36) - Parsing relationship: /xl/_rels/workbook.xml.rels
01:28:30.543 [main] DEBUG org.apache.poi.openxml4j.opc.PackageRelationshipCollection(36) - Parsing relationship: /xl/worksheets/_rels/sheet1.xml.rels
01:28:30.545 [main] DEBUG org.apache.poi.openxml4j.opc.PackageRelationshipCollection(36) - Parsing relationship: /_rels/.rels
01:28:30.549 [main] DEBUG org.apache.poi.ooxml.POIXMLFactory(36) - using default POIXMLDocumentPart for http://schemas.openxmlformats.org/officeDocument/2006/relationships/printerSettings
01:28:33.667 [main] INFO  api.test.UserTests(36) - ***************Creating user***********
01:28:34.688 [main] INFO  api.test.UserTests(36) - ***************User Created***********
01:28:34.689 [main] INFO  api.test.UserTests(36) - ***************Reading user by Name***********
01:28:35.688 [main] INFO  api.test.UserTests(36) - ***************Reading user Completed***********
01:28:35.693 [main] INFO  api.test.UserTests(36) - ***************Updating user***********
01:28:37.660 [main] INFO  api.test.UserTests(36) - ***************Updated user***********
01:28:37.662 [main] INFO  api.test.UserTests(36) - ***************Deleting user***********
01:28:38.644 [main] INFO  api.test.UserTests(36) - ***************Deleting user completed***********
01:33:14.475 [main] INFO  api.test.UserTests2(36) - ***************Creating user***********
01:33:16.829 [main] INFO  api.test.UserTests2(36) - ***************User Created***********
01:33:16.836 [main] INFO  api.test.UserTests2(36) - ***************Reading user by Name***********
01:33:17.851 [main] INFO  api.test.UserTests2(36) - ***************Reading user Completed***********
01:33:17.853 [main] INFO  api.test.UserTests2(36) - ***************Updating user***********
01:33:19.845 [main] INFO  api.test.UserTests2(36) - ***************Updated user***********
01:33:19.848 [main] INFO  api.test.UserTests2(36) - ***************Deleting user***********
01:33:20.844 [main] INFO  api.test.UserTests2(36) - ***************Deleting user completed***********
01:48:56.582 [main] INFO  api.test.UserTests2(36) - ***************Creating user***********
01:48:59.007 [main] INFO  api.test.UserTests2(36) - ***************User Created***********
01:48:59.014 [main] INFO  api.test.UserTests2(36) - ***************Reading user by Name***********
01:49:00.044 [main] INFO  api.test.UserTests2(36) - ***************Reading user Completed***********
01:49:00.047 [main] INFO  api.test.UserTests2(36) - ***************Updating user***********
01:49:02.034 [main] INFO  api.test.UserTests2(36) - ***************Updated user***********
01:49:02.037 [main] INFO  api.test.UserTests2(36) - ***************Deleting user***********
01:49:03.034 [main] INFO  api.test.UserTests2(36) - ***************Deleting user completed***********
01:52:31.033 [main] INFO  api.test.UserTests2(36) - ***************Creating user***********
01:52:33.346 [main] INFO  api.test.UserTests2(36) - ***************User Created***********
01:52:33.352 [main] INFO  api.test.UserTests2(36) - ***************Reading user by Name***********
01:52:34.450 [main] INFO  api.test.UserTests2(36) - ***************Reading user Completed***********
01:52:34.453 [main] INFO  api.test.UserTests2(36) - ***************Updating user***********
01:52:36.441 [main] INFO  api.test.UserTests2(36) - ***************Updated user***********
01:52:36.443 [main] INFO  api.test.UserTests2(36) - ***************Deleting user***********
01:52:37.445 [main] INFO  api.test.UserTests2(36) - ***************Deleting user completed***********
01:53:53.372 [main] INFO  api.test.UserTests2(36) - ***************Creating user***********
01:53:55.784 [main] INFO  api.test.UserTests2(36) - ***************User Created***********
01:53:55.791 [main] INFO  api.test.UserTests2(36) - ***************Reading user by Name***********
01:53:56.817 [main] INFO  api.test.UserTests2(36) - ***************Reading user Completed***********
01:53:56.820 [main] INFO  api.test.UserTests2(36) - ***************Updating user***********
01:53:58.830 [main] INFO  api.test.UserTests2(36) - ***************Updated user***********
01:53:58.836 [main] INFO  api.test.UserTests2(36) - ***************Deleting user***********
01:53:59.835 [main] INFO  api.test.UserTests2(36) - ***************Deleting user completed***********
01:54:11.166 [main] INFO  api.test.UserTests2(36) - ***************Creating user***********
01:54:13.608 [main] INFO  api.test.UserTests2(36) - ***************User Created***********
01:54:13.615 [main] INFO  api.test.UserTests2(36) - ***************Reading user by Name***********
01:54:14.647 [main] INFO  api.test.UserTests2(36) - ***************Reading user Completed***********
01:54:14.654 [main] INFO  api.test.UserTests2(36) - ***************Updating user***********
01:54:16.663 [main] INFO  api.test.UserTests2(36) - ***************Updated user***********
01:54:16.666 [main] INFO  api.test.UserTests2(36) - ***************Deleting user***********
01:54:17.659 [main] INFO  api.test.UserTests2(36) - ***************Deleting user completed***********
01:56:37.467 [main] INFO  api.test.UserTests2(36) - ***************Creating user***********
01:56:39.757 [main] INFO  api.test.UserTests2(36) - ***************User Created***********
01:56:39.763 [main] INFO  api.test.UserTests2(36) - ***************Reading user by Name***********
01:56:40.827 [main] INFO  api.test.UserTests2(36) - ***************Reading user Completed***********
01:56:40.831 [main] INFO  api.test.UserTests2(36) - ***************Updating user***********
01:56:42.821 [main] INFO  api.test.UserTests2(36) - ***************Updated user***********
01:56:42.824 [main] INFO  api.test.UserTests2(36) - ***************Deleting user***********
01:56:43.812 [main] INFO  api.test.UserTests2(36) - ***************Deleting user completed***********
01:57:53.491 [main] INFO  api.test.UserTests2(36) - ***************Creating user***********
01:57:55.811 [main] INFO  api.test.UserTests2(36) - ***************User Created***********
01:57:55.818 [main] INFO  api.test.UserTests2(36) - ***************Reading user by Name***********
01:57:56.819 [main] INFO  api.test.UserTests2(36) - ***************Reading user Completed***********
01:57:56.822 [main] INFO  api.test.UserTests2(36) - ***************Updating user***********
01:57:58.820 [main] INFO  api.test.UserTests2(36) - ***************Updated user***********
01:57:58.823 [main] INFO  api.test.UserTests2(36) - ***************Deleting user***********
01:57:59.815 [main] INFO  api.test.UserTests2(36) - ***************Deleting user completed***********
02:05:34.130 [main] INFO  api.test.UserTests2(36) - ***************Creating user***********
02:05:36.508 [main] INFO  api.test.UserTests2(36) - ***************User Created***********
02:05:36.513 [main] INFO  api.test.UserTests2(36) - ***************Reading user by Name***********
02:05:37.545 [main] INFO  api.test.UserTests2(36) - ***************Reading user Completed***********
02:05:37.549 [main] INFO  api.test.UserTests2(36) - ***************Updating user***********
02:05:39.581 [main] INFO  api.test.UserTests2(36) - ***************Updated user***********
02:05:39.584 [main] INFO  api.test.UserTests2(36) - ***************Deleting user***********
02:05:40.573 [main] INFO  api.test.UserTests2(36) - ***************Deleting user completed***********
13:45:21.352 [main] INFO  api.test.UserTests2(36) - ***************Creating user***********
13:45:24.224 [main] INFO  api.test.UserTests2(36) - ***************User Created***********
13:45:24.236 [main] INFO  api.test.UserTests2(36) - ***************Reading user by Name***********
13:45:25.509 [main] INFO  api.test.UserTests2(36) - ***************Reading user Completed***********
13:45:25.509 [main] INFO  api.test.UserTests2(36) - ***************Updating user***********
13:45:27.863 [main] INFO  api.test.UserTests2(36) - ***************Updated user***********
13:45:27.869 [main] INFO  api.test.UserTests2(36) - ***************Deleting user***********
13:45:28.989 [main] INFO  api.test.UserTests2(36) - ***************Deleting user completed***********
13:47:01.234 [main] INFO  api.test.UserTests2(36) - ***************Creating user***********
13:47:03.689 [main] INFO  api.test.UserTests2(36) - ***************User Created***********
13:47:03.696 [main] INFO  api.test.UserTests2(36) - ***************Reading user by Name***********
13:47:05.054 [main] INFO  api.test.UserTests2(36) - ***************Reading user Completed***********
13:47:05.058 [main] INFO  api.test.UserTests2(36) - ***************Updating user***********
13:47:07.299 [main] INFO  api.test.UserTests2(36) - ***************Updated user***********
13:47:07.301 [main] INFO  api.test.UserTests2(36) - ***************Deleting user***********
13:47:08.421 [main] INFO  api.test.UserTests2(36) - ***************Deleting user completed***********
13:49:11.377 [main] INFO  api.test.UserTests2(36) - ***************Creating user***********
13:49:14.018 [main] INFO  api.test.UserTests2(36) - ***************User Created***********
13:49:14.024 [main] INFO  api.test.UserTests2(36) - ***************Reading user by Name***********
13:49:15.304 [main] INFO  api.test.UserTests2(36) - ***************Reading user Completed***********
13:49:15.308 [main] INFO  api.test.UserTests2(36) - ***************Updating user***********
13:49:17.757 [main] INFO  api.test.UserTests2(36) - ***************Updated user***********
13:49:17.760 [main] INFO  api.test.UserTests2(36) - ***************Deleting user***********
13:49:18.983 [main] INFO  api.test.UserTests2(36) - ***************Deleting user completed***********
23:56:10.476 [main] INFO  api.test.UserTests2(36) - ***************Creating user***********
23:56:12.855 [main] INFO  api.test.UserTests2(36) - ***************User Created***********
23:56:12.861 [main] INFO  api.test.UserTests2(36) - ***************Reading user by Name***********
23:56:13.865 [main] INFO  api.test.UserTests2(36) - ***************Reading user Completed***********
23:56:13.867 [main] INFO  api.test.UserTests2(36) - ***************Updating user***********
23:56:15.830 [main] INFO  api.test.UserTests2(36) - ***************Updated user***********
23:56:15.833 [main] INFO  api.test.UserTests2(36) - ***************Deleting user***********
23:56:16.813 [main] INFO  api.test.UserTests2(36) - ***************Deleting user completed***********
